<?xml version="1.0" encoding="UTF-8"?>
<testsuites name="jest tests" tests="12" failures="0" time="5.959">
  <testsuite name="测试 Scroll 以下行为" errors="0" failures="0" skipped="0" timestamp="2020-01-07T08:09:20" time="4.588" tests="2">
    <testcase classname="测试 Scroll 以下行为 Scroll 存在" name="测试 Scroll 以下行为 Scroll 存在" time="0.021">
    </testcase>
    <testcase classname="测试 Scroll 以下行为 Scroll 设置 pullingHeight" name="测试 Scroll 以下行为 Scroll 设置 pullingHeight" time="0.035">
    </testcase>
  </testsuite>
  <testsuite name="测试 Tabs 以下行为" errors="0" failures="0" skipped="0" timestamp="2020-01-07T08:09:24" time="0.483" tests="10">
    <testcase classname="测试 Tabs 以下行为 Tabs 存在" name="测试 Tabs 以下行为 Tabs 存在" time="0.005">
    </testcase>
    <testcase classname="测试 Tabs 以下行为 Tabs defaultActiveKey &amp; direction 默认为 &quot;key1&quot; " name="测试 Tabs 以下行为 Tabs defaultActiveKey &amp; direction 默认为 &quot;key1&quot; " time="0.023">
    </testcase>
    <testcase classname="测试 Tabs 以下行为 Tabs 组件的子组件只能是 TabPane组件 " name="测试 Tabs 以下行为 Tabs 组件的子组件只能是 TabPane组件 " time="0.014">
    </testcase>
    <testcase classname="测试 Tabs 以下行为 Tabs 设置 direction 默认为 &quot;vertical&quot; " name="测试 Tabs 以下行为 Tabs 设置 direction 默认为 &quot;vertical&quot; " time="0.005">
    </testcase>
    <testcase classname="测试 Tabs 以下行为 Tabs 设置 defaultActiveKey" name="测试 Tabs 以下行为 Tabs 设置 defaultActiveKey" time="0.004">
    </testcase>
    <testcase classname="测试 Tabs 以下行为 Tabs 设置 lineWidthOrHeight" name="测试 Tabs 以下行为 Tabs 设置 lineWidthOrHeight" time="0.004">
    </testcase>
    <testcase classname="测试 Tabs 以下行为 Tabs 设置 activeKey" name="测试 Tabs 以下行为 Tabs 设置 activeKey" time="0.009">
    </testcase>
    <testcase classname="测试 Tabs 以下行为 Tabs 触发 onChange ,disabled 时不触发" name="测试 Tabs 以下行为 Tabs 触发 onChange ,disabled 时不触发" time="0.01">
    </testcase>
    <testcase classname="测试 Tabs 以下行为 Tabs 设置 自定义类名" name="测试 Tabs 以下行为 Tabs 设置 自定义类名" time="0.006">
    </testcase>
    <testcase classname="测试 Tabs 以下行为 Tabs 设置 自定义样式" name="测试 Tabs 以下行为 Tabs 设置 自定义样式" time="0.021">
    </testcase>
  </testsuite>
</testsuites>